<?xml version="1.0" ?>
<testsuite name="TestArr-20201126114031" tests="6" time="0.001" failures="0" errors="0">
	<testcase classname="TestArr" name="test_duplicates_removal" time="0.000"/>
	<testcase classname="TestArr" name="test_exceptions" time="0.000"/>
	<testcase classname="TestArr" name="test_merge" time="0.000"/>
	<testcase classname="TestArr" name="test_reverse_sorting" time="0.000"/>
	<testcase classname="TestArr" name="test_sorting" time="0.000"/>
	<testcase classname="TestArr" name="test_universality" time="0.000"/>
	<system-out><![CDATA[]]></system-out>
	<system-err><![CDATA[]]></system-err>
</testsuite>
